[0.612s] DEBUG:colcon:Command line arguments: ['/usr/bin/colcon', 'list', '-p', '--base-paths', '/home/twm/Documents/GitHub/ros2_turtlebot3']
[0.613s] DEBUG:colcon:Parsed command line arguments: Namespace(log_base=None, log_level=None, verb_name='list', build_base='build', ignore_user_meta=False, metas=['./colcon.meta'], base_paths=['/home/twm/Documents/GitHub/ros2_turtlebot3'], packages_ignore=None, packages_ignore_regex=None, paths=None, packages_up_to=None, packages_up_to_regex=None, packages_above=None, packages_above_and_dependencies=None, packages_above_depth=None, packages_select_by_dep=None, packages_skip_by_dep=None, packages_skip_up_to=None, packages_select_build_failed=False, packages_skip_build_finished=False, packages_select_test_failures=False, packages_skip_test_passed=False, packages_select=None, packages_skip=None, packages_select_regex=None, packages_skip_regex=None, packages_start=None, packages_end=None, allow_overriding=[], topological_order=False, names_only=False, paths_only=True, topological_graph=False, topological_graph_dot=False, topological_graph_density=False, topological_graph_legend=False, topological_graph_dot_cluster=False, topological_graph_dot_include_skipped=False, verb_parser=<colcon_defaults.argument_parser.defaults.DefaultArgumentsDecorator object at 0x7f594ebc27a0>, verb_extension=<colcon_package_information.verb.list.ListVerb object at 0x7f594ee559c0>, main=<bound method ListVerb.main of <colcon_package_information.verb.list.ListVerb object at 0x7f594ee559c0>>)
[0.653s] Level 1:colcon.colcon_core.package_discovery:discover_packages(colcon_meta) check parameters
[0.653s] Level 1:colcon.colcon_core.package_discovery:discover_packages(recursive) check parameters
[0.653s] Level 1:colcon.colcon_core.package_discovery:discover_packages(ignore) check parameters
[0.653s] Level 1:colcon.colcon_core.package_discovery:discover_packages(path) check parameters
[0.653s] Level 1:colcon.colcon_core.package_discovery:discover_packages(recursive) discover
[0.653s] INFO:colcon.colcon_core.package_discovery:Crawling recursively for packages in '/home/twm/Documents/GitHub/ros2_turtlebot3'
[0.653s] Level 1:colcon.colcon_core.package_identification:_identify(/home/twm/Documents/GitHub/ros2_turtlebot3) by extensions ['ignore', 'ignore_ament_install']
[0.653s] Level 1:colcon.colcon_core.package_identification:_identify(/home/twm/Documents/GitHub/ros2_turtlebot3) by extension 'ignore'
[0.653s] Level 1:colcon.colcon_core.package_identification:_identify(/home/twm/Documents/GitHub/ros2_turtlebot3) by extension 'ignore_ament_install'
[0.653s] Level 1:colcon.colcon_core.package_identification:_identify(/home/twm/Documents/GitHub/ros2_turtlebot3) by extensions ['colcon_pkg']
[0.653s] Level 1:colcon.colcon_core.package_identification:_identify(/home/twm/Documents/GitHub/ros2_turtlebot3) by extension 'colcon_pkg'
[0.653s] Level 1:colcon.colcon_core.package_identification:_identify(/home/twm/Documents/GitHub/ros2_turtlebot3) by extensions ['colcon_meta']
[0.654s] Level 1:colcon.colcon_core.package_identification:_identify(/home/twm/Documents/GitHub/ros2_turtlebot3) by extension 'colcon_meta'
[0.654s] Level 1:colcon.colcon_core.package_identification:_identify(/home/twm/Documents/GitHub/ros2_turtlebot3) by extensions ['ros']
[0.654s] Level 1:colcon.colcon_core.package_identification:_identify(/home/twm/Documents/GitHub/ros2_turtlebot3) by extension 'ros'
[0.661s] Level 1:colcon.colcon_core.package_identification:_identify(/home/twm/Documents/GitHub/ros2_turtlebot3) by extensions ['cmake', 'python']
[0.661s] Level 1:colcon.colcon_core.package_identification:_identify(/home/twm/Documents/GitHub/ros2_turtlebot3) by extension 'cmake'
[0.661s] Level 1:colcon.colcon_core.package_identification:_identify(/home/twm/Documents/GitHub/ros2_turtlebot3) by extension 'python'
[0.661s] Level 1:colcon.colcon_core.package_identification:_identify(/home/twm/Documents/GitHub/ros2_turtlebot3) by extensions ['python_setup_py']
[0.661s] Level 1:colcon.colcon_core.package_identification:_identify(/home/twm/Documents/GitHub/ros2_turtlebot3) by extension 'python_setup_py'
[0.661s] Level 1:colcon.colcon_core.package_identification:_identify(/home/twm/Documents/GitHub/ros2_turtlebot3/ArduinoCode) by extensions ['ignore', 'ignore_ament_install']
[0.661s] Level 1:colcon.colcon_core.package_identification:_identify(/home/twm/Documents/GitHub/ros2_turtlebot3/ArduinoCode) by extension 'ignore'
[0.661s] Level 1:colcon.colcon_core.package_identification:_identify(/home/twm/Documents/GitHub/ros2_turtlebot3/ArduinoCode) by extension 'ignore_ament_install'
[0.662s] Level 1:colcon.colcon_core.package_identification:_identify(/home/twm/Documents/GitHub/ros2_turtlebot3/ArduinoCode) by extensions ['colcon_pkg']
[0.662s] Level 1:colcon.colcon_core.package_identification:_identify(/home/twm/Documents/GitHub/ros2_turtlebot3/ArduinoCode) by extension 'colcon_pkg'
[0.662s] Level 1:colcon.colcon_core.package_identification:_identify(/home/twm/Documents/GitHub/ros2_turtlebot3/ArduinoCode) by extensions ['colcon_meta']
[0.662s] Level 1:colcon.colcon_core.package_identification:_identify(/home/twm/Documents/GitHub/ros2_turtlebot3/ArduinoCode) by extension 'colcon_meta'
[0.662s] Level 1:colcon.colcon_core.package_identification:_identify(/home/twm/Documents/GitHub/ros2_turtlebot3/ArduinoCode) by extensions ['ros']
[0.662s] Level 1:colcon.colcon_core.package_identification:_identify(/home/twm/Documents/GitHub/ros2_turtlebot3/ArduinoCode) by extension 'ros'
[0.662s] Level 1:colcon.colcon_core.package_identification:_identify(/home/twm/Documents/GitHub/ros2_turtlebot3/ArduinoCode) by extensions ['cmake', 'python']
[0.662s] Level 1:colcon.colcon_core.package_identification:_identify(/home/twm/Documents/GitHub/ros2_turtlebot3/ArduinoCode) by extension 'cmake'
[0.662s] Level 1:colcon.colcon_core.package_identification:_identify(/home/twm/Documents/GitHub/ros2_turtlebot3/ArduinoCode) by extension 'python'
[0.662s] Level 1:colcon.colcon_core.package_identification:_identify(/home/twm/Documents/GitHub/ros2_turtlebot3/ArduinoCode) by extensions ['python_setup_py']
[0.662s] Level 1:colcon.colcon_core.package_identification:_identify(/home/twm/Documents/GitHub/ros2_turtlebot3/ArduinoCode) by extension 'python_setup_py'
[0.662s] Level 1:colcon.colcon_core.package_identification:_identify(/home/twm/Documents/GitHub/ros2_turtlebot3/ArduinoCode/BTMobileControl) by extensions ['ignore', 'ignore_ament_install']
[0.662s] Level 1:colcon.colcon_core.package_identification:_identify(/home/twm/Documents/GitHub/ros2_turtlebot3/ArduinoCode/BTMobileControl) by extension 'ignore'
[0.662s] Level 1:colcon.colcon_core.package_identification:_identify(/home/twm/Documents/GitHub/ros2_turtlebot3/ArduinoCode/BTMobileControl) by extension 'ignore_ament_install'
[0.662s] Level 1:colcon.colcon_core.package_identification:_identify(/home/twm/Documents/GitHub/ros2_turtlebot3/ArduinoCode/BTMobileControl) by extensions ['colcon_pkg']
[0.662s] Level 1:colcon.colcon_core.package_identification:_identify(/home/twm/Documents/GitHub/ros2_turtlebot3/ArduinoCode/BTMobileControl) by extension 'colcon_pkg'
[0.662s] Level 1:colcon.colcon_core.package_identification:_identify(/home/twm/Documents/GitHub/ros2_turtlebot3/ArduinoCode/BTMobileControl) by extensions ['colcon_meta']
[0.662s] Level 1:colcon.colcon_core.package_identification:_identify(/home/twm/Documents/GitHub/ros2_turtlebot3/ArduinoCode/BTMobileControl) by extension 'colcon_meta'
[0.662s] Level 1:colcon.colcon_core.package_identification:_identify(/home/twm/Documents/GitHub/ros2_turtlebot3/ArduinoCode/BTMobileControl) by extensions ['ros']
[0.662s] Level 1:colcon.colcon_core.package_identification:_identify(/home/twm/Documents/GitHub/ros2_turtlebot3/ArduinoCode/BTMobileControl) by extension 'ros'
[0.662s] Level 1:colcon.colcon_core.package_identification:_identify(/home/twm/Documents/GitHub/ros2_turtlebot3/ArduinoCode/BTMobileControl) by extensions ['cmake', 'python']
[0.662s] Level 1:colcon.colcon_core.package_identification:_identify(/home/twm/Documents/GitHub/ros2_turtlebot3/ArduinoCode/BTMobileControl) by extension 'cmake'
[0.662s] Level 1:colcon.colcon_core.package_identification:_identify(/home/twm/Documents/GitHub/ros2_turtlebot3/ArduinoCode/BTMobileControl) by extension 'python'
[0.662s] Level 1:colcon.colcon_core.package_identification:_identify(/home/twm/Documents/GitHub/ros2_turtlebot3/ArduinoCode/BTMobileControl) by extensions ['python_setup_py']
[0.662s] Level 1:colcon.colcon_core.package_identification:_identify(/home/twm/Documents/GitHub/ros2_turtlebot3/ArduinoCode/BTMobileControl) by extension 'python_setup_py'
[0.662s] Level 1:colcon.colcon_core.package_identification:_identify(/home/twm/Documents/GitHub/ros2_turtlebot3/ArduinoCode/BTMobileControl_with_Ultrasonic) by extensions ['ignore', 'ignore_ament_install']
[0.662s] Level 1:colcon.colcon_core.package_identification:_identify(/home/twm/Documents/GitHub/ros2_turtlebot3/ArduinoCode/BTMobileControl_with_Ultrasonic) by extension 'ignore'
[0.662s] Level 1:colcon.colcon_core.package_identification:_identify(/home/twm/Documents/GitHub/ros2_turtlebot3/ArduinoCode/BTMobileControl_with_Ultrasonic) by extension 'ignore_ament_install'
[0.662s] Level 1:colcon.colcon_core.package_identification:_identify(/home/twm/Documents/GitHub/ros2_turtlebot3/ArduinoCode/BTMobileControl_with_Ultrasonic) by extensions ['colcon_pkg']
[0.662s] Level 1:colcon.colcon_core.package_identification:_identify(/home/twm/Documents/GitHub/ros2_turtlebot3/ArduinoCode/BTMobileControl_with_Ultrasonic) by extension 'colcon_pkg'
[0.662s] Level 1:colcon.colcon_core.package_identification:_identify(/home/twm/Documents/GitHub/ros2_turtlebot3/ArduinoCode/BTMobileControl_with_Ultrasonic) by extensions ['colcon_meta']
[0.662s] Level 1:colcon.colcon_core.package_identification:_identify(/home/twm/Documents/GitHub/ros2_turtlebot3/ArduinoCode/BTMobileControl_with_Ultrasonic) by extension 'colcon_meta'
[0.662s] Level 1:colcon.colcon_core.package_identification:_identify(/home/twm/Documents/GitHub/ros2_turtlebot3/ArduinoCode/BTMobileControl_with_Ultrasonic) by extensions ['ros']
[0.662s] Level 1:colcon.colcon_core.package_identification:_identify(/home/twm/Documents/GitHub/ros2_turtlebot3/ArduinoCode/BTMobileControl_with_Ultrasonic) by extension 'ros'
[0.662s] Level 1:colcon.colcon_core.package_identification:_identify(/home/twm/Documents/GitHub/ros2_turtlebot3/ArduinoCode/BTMobileControl_with_Ultrasonic) by extensions ['cmake', 'python']
[0.662s] Level 1:colcon.colcon_core.package_identification:_identify(/home/twm/Documents/GitHub/ros2_turtlebot3/ArduinoCode/BTMobileControl_with_Ultrasonic) by extension 'cmake'
[0.662s] Level 1:colcon.colcon_core.package_identification:_identify(/home/twm/Documents/GitHub/ros2_turtlebot3/ArduinoCode/BTMobileControl_with_Ultrasonic) by extension 'python'
[0.663s] Level 1:colcon.colcon_core.package_identification:_identify(/home/twm/Documents/GitHub/ros2_turtlebot3/ArduinoCode/BTMobileControl_with_Ultrasonic) by extensions ['python_setup_py']
[0.663s] Level 1:colcon.colcon_core.package_identification:_identify(/home/twm/Documents/GitHub/ros2_turtlebot3/ArduinoCode/BTMobileControl_with_Ultrasonic) by extension 'python_setup_py'
[0.663s] Level 1:colcon.colcon_core.package_identification:_identify(/home/twm/Documents/GitHub/ros2_turtlebot3/ArduinoCode/BTMobileControl_with_Ultrasonic_Joystick) by extensions ['ignore', 'ignore_ament_install']
[0.663s] Level 1:colcon.colcon_core.package_identification:_identify(/home/twm/Documents/GitHub/ros2_turtlebot3/ArduinoCode/BTMobileControl_with_Ultrasonic_Joystick) by extension 'ignore'
[0.663s] Level 1:colcon.colcon_core.package_identification:_identify(/home/twm/Documents/GitHub/ros2_turtlebot3/ArduinoCode/BTMobileControl_with_Ultrasonic_Joystick) by extension 'ignore_ament_install'
[0.663s] Level 1:colcon.colcon_core.package_identification:_identify(/home/twm/Documents/GitHub/ros2_turtlebot3/ArduinoCode/BTMobileControl_with_Ultrasonic_Joystick) by extensions ['colcon_pkg']
[0.663s] Level 1:colcon.colcon_core.package_identification:_identify(/home/twm/Documents/GitHub/ros2_turtlebot3/ArduinoCode/BTMobileControl_with_Ultrasonic_Joystick) by extension 'colcon_pkg'
[0.663s] Level 1:colcon.colcon_core.package_identification:_identify(/home/twm/Documents/GitHub/ros2_turtlebot3/ArduinoCode/BTMobileControl_with_Ultrasonic_Joystick) by extensions ['colcon_meta']
[0.663s] Level 1:colcon.colcon_core.package_identification:_identify(/home/twm/Documents/GitHub/ros2_turtlebot3/ArduinoCode/BTMobileControl_with_Ultrasonic_Joystick) by extension 'colcon_meta'
[0.663s] Level 1:colcon.colcon_core.package_identification:_identify(/home/twm/Documents/GitHub/ros2_turtlebot3/ArduinoCode/BTMobileControl_with_Ultrasonic_Joystick) by extensions ['ros']
[0.663s] Level 1:colcon.colcon_core.package_identification:_identify(/home/twm/Documents/GitHub/ros2_turtlebot3/ArduinoCode/BTMobileControl_with_Ultrasonic_Joystick) by extension 'ros'
[0.663s] Level 1:colcon.colcon_core.package_identification:_identify(/home/twm/Documents/GitHub/ros2_turtlebot3/ArduinoCode/BTMobileControl_with_Ultrasonic_Joystick) by extensions ['cmake', 'python']
[0.663s] Level 1:colcon.colcon_core.package_identification:_identify(/home/twm/Documents/GitHub/ros2_turtlebot3/ArduinoCode/BTMobileControl_with_Ultrasonic_Joystick) by extension 'cmake'
[0.663s] Level 1:colcon.colcon_core.package_identification:_identify(/home/twm/Documents/GitHub/ros2_turtlebot3/ArduinoCode/BTMobileControl_with_Ultrasonic_Joystick) by extension 'python'
[0.663s] Level 1:colcon.colcon_core.package_identification:_identify(/home/twm/Documents/GitHub/ros2_turtlebot3/ArduinoCode/BTMobileControl_with_Ultrasonic_Joystick) by extensions ['python_setup_py']
[0.663s] Level 1:colcon.colcon_core.package_identification:_identify(/home/twm/Documents/GitHub/ros2_turtlebot3/ArduinoCode/BTMobileControl_with_Ultrasonic_Joystick) by extension 'python_setup_py'
[0.663s] Level 1:colcon.colcon_core.package_identification:_identify(/home/twm/Documents/GitHub/ros2_turtlebot3/ArduinoCode/Serial_Baudrate_Check) by extensions ['ignore', 'ignore_ament_install']
[0.663s] Level 1:colcon.colcon_core.package_identification:_identify(/home/twm/Documents/GitHub/ros2_turtlebot3/ArduinoCode/Serial_Baudrate_Check) by extension 'ignore'
[0.663s] Level 1:colcon.colcon_core.package_identification:_identify(/home/twm/Documents/GitHub/ros2_turtlebot3/ArduinoCode/Serial_Baudrate_Check) by extension 'ignore_ament_install'
[0.663s] Level 1:colcon.colcon_core.package_identification:_identify(/home/twm/Documents/GitHub/ros2_turtlebot3/ArduinoCode/Serial_Baudrate_Check) by extensions ['colcon_pkg']
[0.663s] Level 1:colcon.colcon_core.package_identification:_identify(/home/twm/Documents/GitHub/ros2_turtlebot3/ArduinoCode/Serial_Baudrate_Check) by extension 'colcon_pkg'
[0.663s] Level 1:colcon.colcon_core.package_identification:_identify(/home/twm/Documents/GitHub/ros2_turtlebot3/ArduinoCode/Serial_Baudrate_Check) by extensions ['colcon_meta']
[0.663s] Level 1:colcon.colcon_core.package_identification:_identify(/home/twm/Documents/GitHub/ros2_turtlebot3/ArduinoCode/Serial_Baudrate_Check) by extension 'colcon_meta'
[0.663s] Level 1:colcon.colcon_core.package_identification:_identify(/home/twm/Documents/GitHub/ros2_turtlebot3/ArduinoCode/Serial_Baudrate_Check) by extensions ['ros']
[0.663s] Level 1:colcon.colcon_core.package_identification:_identify(/home/twm/Documents/GitHub/ros2_turtlebot3/ArduinoCode/Serial_Baudrate_Check) by extension 'ros'
[0.663s] Level 1:colcon.colcon_core.package_identification:_identify(/home/twm/Documents/GitHub/ros2_turtlebot3/ArduinoCode/Serial_Baudrate_Check) by extensions ['cmake', 'python']
[0.663s] Level 1:colcon.colcon_core.package_identification:_identify(/home/twm/Documents/GitHub/ros2_turtlebot3/ArduinoCode/Serial_Baudrate_Check) by extension 'cmake'
[0.663s] Level 1:colcon.colcon_core.package_identification:_identify(/home/twm/Documents/GitHub/ros2_turtlebot3/ArduinoCode/Serial_Baudrate_Check) by extension 'python'
[0.663s] Level 1:colcon.colcon_core.package_identification:_identify(/home/twm/Documents/GitHub/ros2_turtlebot3/ArduinoCode/Serial_Baudrate_Check) by extensions ['python_setup_py']
[0.663s] Level 1:colcon.colcon_core.package_identification:_identify(/home/twm/Documents/GitHub/ros2_turtlebot3/ArduinoCode/Serial_Baudrate_Check) by extension 'python_setup_py'
[0.663s] Level 1:colcon.colcon_core.package_identification:_identify(/home/twm/Documents/GitHub/ros2_turtlebot3/ArduinoCode/Serial_Config) by extensions ['ignore', 'ignore_ament_install']
[0.663s] Level 1:colcon.colcon_core.package_identification:_identify(/home/twm/Documents/GitHub/ros2_turtlebot3/ArduinoCode/Serial_Config) by extension 'ignore'
[0.663s] Level 1:colcon.colcon_core.package_identification:_identify(/home/twm/Documents/GitHub/ros2_turtlebot3/ArduinoCode/Serial_Config) by extension 'ignore_ament_install'
[0.663s] Level 1:colcon.colcon_core.package_identification:_identify(/home/twm/Documents/GitHub/ros2_turtlebot3/ArduinoCode/Serial_Config) by extensions ['colcon_pkg']
[0.663s] Level 1:colcon.colcon_core.package_identification:_identify(/home/twm/Documents/GitHub/ros2_turtlebot3/ArduinoCode/Serial_Config) by extension 'colcon_pkg'
[0.664s] Level 1:colcon.colcon_core.package_identification:_identify(/home/twm/Documents/GitHub/ros2_turtlebot3/ArduinoCode/Serial_Config) by extensions ['colcon_meta']
[0.664s] Level 1:colcon.colcon_core.package_identification:_identify(/home/twm/Documents/GitHub/ros2_turtlebot3/ArduinoCode/Serial_Config) by extension 'colcon_meta'
[0.664s] Level 1:colcon.colcon_core.package_identification:_identify(/home/twm/Documents/GitHub/ros2_turtlebot3/ArduinoCode/Serial_Config) by extensions ['ros']
[0.664s] Level 1:colcon.colcon_core.package_identification:_identify(/home/twm/Documents/GitHub/ros2_turtlebot3/ArduinoCode/Serial_Config) by extension 'ros'
[0.664s] Level 1:colcon.colcon_core.package_identification:_identify(/home/twm/Documents/GitHub/ros2_turtlebot3/ArduinoCode/Serial_Config) by extensions ['cmake', 'python']
[0.664s] Level 1:colcon.colcon_core.package_identification:_identify(/home/twm/Documents/GitHub/ros2_turtlebot3/ArduinoCode/Serial_Config) by extension 'cmake'
[0.664s] Level 1:colcon.colcon_core.package_identification:_identify(/home/twm/Documents/GitHub/ros2_turtlebot3/ArduinoCode/Serial_Config) by extension 'python'
[0.664s] Level 1:colcon.colcon_core.package_identification:_identify(/home/twm/Documents/GitHub/ros2_turtlebot3/ArduinoCode/Serial_Config) by extensions ['python_setup_py']
[0.664s] Level 1:colcon.colcon_core.package_identification:_identify(/home/twm/Documents/GitHub/ros2_turtlebot3/ArduinoCode/Serial_Config) by extension 'python_setup_py'
[0.664s] Level 1:colcon.colcon_core.package_identification:_identify(/home/twm/Documents/GitHub/ros2_turtlebot3/ArduinoCode/braccio_ros2) by extensions ['ignore', 'ignore_ament_install']
[0.664s] Level 1:colcon.colcon_core.package_identification:_identify(/home/twm/Documents/GitHub/ros2_turtlebot3/ArduinoCode/braccio_ros2) by extension 'ignore'
[0.664s] Level 1:colcon.colcon_core.package_identification:_identify(/home/twm/Documents/GitHub/ros2_turtlebot3/ArduinoCode/braccio_ros2) by extension 'ignore_ament_install'
[0.664s] Level 1:colcon.colcon_core.package_identification:_identify(/home/twm/Documents/GitHub/ros2_turtlebot3/ArduinoCode/braccio_ros2) by extensions ['colcon_pkg']
[0.664s] Level 1:colcon.colcon_core.package_identification:_identify(/home/twm/Documents/GitHub/ros2_turtlebot3/ArduinoCode/braccio_ros2) by extension 'colcon_pkg'
[0.664s] Level 1:colcon.colcon_core.package_identification:_identify(/home/twm/Documents/GitHub/ros2_turtlebot3/ArduinoCode/braccio_ros2) by extensions ['colcon_meta']
[0.664s] Level 1:colcon.colcon_core.package_identification:_identify(/home/twm/Documents/GitHub/ros2_turtlebot3/ArduinoCode/braccio_ros2) by extension 'colcon_meta'
[0.664s] Level 1:colcon.colcon_core.package_identification:_identify(/home/twm/Documents/GitHub/ros2_turtlebot3/ArduinoCode/braccio_ros2) by extensions ['ros']
[0.664s] Level 1:colcon.colcon_core.package_identification:_identify(/home/twm/Documents/GitHub/ros2_turtlebot3/ArduinoCode/braccio_ros2) by extension 'ros'
[0.664s] Level 1:colcon.colcon_core.package_identification:_identify(/home/twm/Documents/GitHub/ros2_turtlebot3/ArduinoCode/braccio_ros2) by extensions ['cmake', 'python']
[0.664s] Level 1:colcon.colcon_core.package_identification:_identify(/home/twm/Documents/GitHub/ros2_turtlebot3/ArduinoCode/braccio_ros2) by extension 'cmake'
[0.664s] Level 1:colcon.colcon_core.package_identification:_identify(/home/twm/Documents/GitHub/ros2_turtlebot3/ArduinoCode/braccio_ros2) by extension 'python'
[0.664s] Level 1:colcon.colcon_core.package_identification:_identify(/home/twm/Documents/GitHub/ros2_turtlebot3/ArduinoCode/braccio_ros2) by extensions ['python_setup_py']
[0.664s] Level 1:colcon.colcon_core.package_identification:_identify(/home/twm/Documents/GitHub/ros2_turtlebot3/ArduinoCode/braccio_ros2) by extension 'python_setup_py'
[0.664s] Level 1:colcon.colcon_core.package_identification:_identify(/home/twm/Documents/GitHub/ros2_turtlebot3/RasPiCode) by extensions ['ignore', 'ignore_ament_install']
[0.664s] Level 1:colcon.colcon_core.package_identification:_identify(/home/twm/Documents/GitHub/ros2_turtlebot3/RasPiCode) by extension 'ignore'
[0.664s] Level 1:colcon.colcon_core.package_identification:_identify(/home/twm/Documents/GitHub/ros2_turtlebot3/RasPiCode) by extension 'ignore_ament_install'
[0.664s] Level 1:colcon.colcon_core.package_identification:_identify(/home/twm/Documents/GitHub/ros2_turtlebot3/RasPiCode) by extensions ['colcon_pkg']
[0.664s] Level 1:colcon.colcon_core.package_identification:_identify(/home/twm/Documents/GitHub/ros2_turtlebot3/RasPiCode) by extension 'colcon_pkg'
[0.664s] Level 1:colcon.colcon_core.package_identification:_identify(/home/twm/Documents/GitHub/ros2_turtlebot3/RasPiCode) by extensions ['colcon_meta']
[0.664s] Level 1:colcon.colcon_core.package_identification:_identify(/home/twm/Documents/GitHub/ros2_turtlebot3/RasPiCode) by extension 'colcon_meta'
[0.664s] Level 1:colcon.colcon_core.package_identification:_identify(/home/twm/Documents/GitHub/ros2_turtlebot3/RasPiCode) by extensions ['ros']
[0.664s] Level 1:colcon.colcon_core.package_identification:_identify(/home/twm/Documents/GitHub/ros2_turtlebot3/RasPiCode) by extension 'ros'
[0.664s] Level 1:colcon.colcon_core.package_identification:_identify(/home/twm/Documents/GitHub/ros2_turtlebot3/RasPiCode) by extensions ['cmake', 'python']
[0.664s] Level 1:colcon.colcon_core.package_identification:_identify(/home/twm/Documents/GitHub/ros2_turtlebot3/RasPiCode) by extension 'cmake'
[0.664s] Level 1:colcon.colcon_core.package_identification:_identify(/home/twm/Documents/GitHub/ros2_turtlebot3/RasPiCode) by extension 'python'
[0.664s] Level 1:colcon.colcon_core.package_identification:_identify(/home/twm/Documents/GitHub/ros2_turtlebot3/RasPiCode) by extensions ['python_setup_py']
[0.664s] Level 1:colcon.colcon_core.package_identification:_identify(/home/twm/Documents/GitHub/ros2_turtlebot3/RasPiCode) by extension 'python_setup_py'
[0.665s] Level 1:colcon.colcon_core.package_identification:_identify(/home/twm/Documents/GitHub/ros2_turtlebot3/building_editor_models) by extensions ['ignore', 'ignore_ament_install']
[0.665s] Level 1:colcon.colcon_core.package_identification:_identify(/home/twm/Documents/GitHub/ros2_turtlebot3/building_editor_models) by extension 'ignore'
[0.665s] Level 1:colcon.colcon_core.package_identification:_identify(/home/twm/Documents/GitHub/ros2_turtlebot3/building_editor_models) by extension 'ignore_ament_install'
[0.665s] Level 1:colcon.colcon_core.package_identification:_identify(/home/twm/Documents/GitHub/ros2_turtlebot3/building_editor_models) by extensions ['colcon_pkg']
[0.665s] Level 1:colcon.colcon_core.package_identification:_identify(/home/twm/Documents/GitHub/ros2_turtlebot3/building_editor_models) by extension 'colcon_pkg'
[0.665s] Level 1:colcon.colcon_core.package_identification:_identify(/home/twm/Documents/GitHub/ros2_turtlebot3/building_editor_models) by extensions ['colcon_meta']
[0.665s] Level 1:colcon.colcon_core.package_identification:_identify(/home/twm/Documents/GitHub/ros2_turtlebot3/building_editor_models) by extension 'colcon_meta'
[0.665s] Level 1:colcon.colcon_core.package_identification:_identify(/home/twm/Documents/GitHub/ros2_turtlebot3/building_editor_models) by extensions ['ros']
[0.665s] Level 1:colcon.colcon_core.package_identification:_identify(/home/twm/Documents/GitHub/ros2_turtlebot3/building_editor_models) by extension 'ros'
[0.665s] Level 1:colcon.colcon_core.package_identification:_identify(/home/twm/Documents/GitHub/ros2_turtlebot3/building_editor_models) by extensions ['cmake', 'python']
[0.665s] Level 1:colcon.colcon_core.package_identification:_identify(/home/twm/Documents/GitHub/ros2_turtlebot3/building_editor_models) by extension 'cmake'
[0.665s] Level 1:colcon.colcon_core.package_identification:_identify(/home/twm/Documents/GitHub/ros2_turtlebot3/building_editor_models) by extension 'python'
[0.665s] Level 1:colcon.colcon_core.package_identification:_identify(/home/twm/Documents/GitHub/ros2_turtlebot3/building_editor_models) by extensions ['python_setup_py']
[0.665s] Level 1:colcon.colcon_core.package_identification:_identify(/home/twm/Documents/GitHub/ros2_turtlebot3/building_editor_models) by extension 'python_setup_py'
[0.665s] Level 1:colcon.colcon_core.package_identification:_identify(/home/twm/Documents/GitHub/ros2_turtlebot3/building_editor_models/room_with_wall) by extensions ['ignore', 'ignore_ament_install']
[0.665s] Level 1:colcon.colcon_core.package_identification:_identify(/home/twm/Documents/GitHub/ros2_turtlebot3/building_editor_models/room_with_wall) by extension 'ignore'
[0.665s] Level 1:colcon.colcon_core.package_identification:_identify(/home/twm/Documents/GitHub/ros2_turtlebot3/building_editor_models/room_with_wall) by extension 'ignore_ament_install'
[0.665s] Level 1:colcon.colcon_core.package_identification:_identify(/home/twm/Documents/GitHub/ros2_turtlebot3/building_editor_models/room_with_wall) by extensions ['colcon_pkg']
[0.665s] Level 1:colcon.colcon_core.package_identification:_identify(/home/twm/Documents/GitHub/ros2_turtlebot3/building_editor_models/room_with_wall) by extension 'colcon_pkg'
[0.665s] Level 1:colcon.colcon_core.package_identification:_identify(/home/twm/Documents/GitHub/ros2_turtlebot3/building_editor_models/room_with_wall) by extensions ['colcon_meta']
[0.665s] Level 1:colcon.colcon_core.package_identification:_identify(/home/twm/Documents/GitHub/ros2_turtlebot3/building_editor_models/room_with_wall) by extension 'colcon_meta'
[0.665s] Level 1:colcon.colcon_core.package_identification:_identify(/home/twm/Documents/GitHub/ros2_turtlebot3/building_editor_models/room_with_wall) by extensions ['ros']
[0.665s] Level 1:colcon.colcon_core.package_identification:_identify(/home/twm/Documents/GitHub/ros2_turtlebot3/building_editor_models/room_with_wall) by extension 'ros'
[0.665s] Level 1:colcon.colcon_core.package_identification:_identify(/home/twm/Documents/GitHub/ros2_turtlebot3/building_editor_models/room_with_wall) by extensions ['cmake', 'python']
[0.665s] Level 1:colcon.colcon_core.package_identification:_identify(/home/twm/Documents/GitHub/ros2_turtlebot3/building_editor_models/room_with_wall) by extension 'cmake'
[0.665s] Level 1:colcon.colcon_core.package_identification:_identify(/home/twm/Documents/GitHub/ros2_turtlebot3/building_editor_models/room_with_wall) by extension 'python'
[0.665s] Level 1:colcon.colcon_core.package_identification:_identify(/home/twm/Documents/GitHub/ros2_turtlebot3/building_editor_models/room_with_wall) by extensions ['python_setup_py']
[0.665s] Level 1:colcon.colcon_core.package_identification:_identify(/home/twm/Documents/GitHub/ros2_turtlebot3/building_editor_models/room_with_wall) by extension 'python_setup_py'
[0.665s] Level 1:colcon.colcon_core.package_identification:_identify(/home/twm/Documents/GitHub/ros2_turtlebot3/log) by extensions ['ignore', 'ignore_ament_install']
[0.665s] Level 1:colcon.colcon_core.package_identification:_identify(/home/twm/Documents/GitHub/ros2_turtlebot3/log) by extension 'ignore'
[0.665s] Level 1:colcon.colcon_core.package_identification:_identify(/home/twm/Documents/GitHub/ros2_turtlebot3/log) ignored
[0.665s] Level 1:colcon.colcon_core.package_identification:_identify(/home/twm/Documents/GitHub/ros2_turtlebot3/ros2_custom_template) by extensions ['ignore', 'ignore_ament_install']
[0.665s] Level 1:colcon.colcon_core.package_identification:_identify(/home/twm/Documents/GitHub/ros2_turtlebot3/ros2_custom_template) by extension 'ignore'
[0.666s] Level 1:colcon.colcon_core.package_identification:_identify(/home/twm/Documents/GitHub/ros2_turtlebot3/ros2_custom_template) by extension 'ignore_ament_install'
[0.666s] Level 1:colcon.colcon_core.package_identification:_identify(/home/twm/Documents/GitHub/ros2_turtlebot3/ros2_custom_template) by extensions ['colcon_pkg']
[0.666s] Level 1:colcon.colcon_core.package_identification:_identify(/home/twm/Documents/GitHub/ros2_turtlebot3/ros2_custom_template) by extension 'colcon_pkg'
[0.666s] Level 1:colcon.colcon_core.package_identification:_identify(/home/twm/Documents/GitHub/ros2_turtlebot3/ros2_custom_template) by extensions ['colcon_meta']
[0.666s] Level 1:colcon.colcon_core.package_identification:_identify(/home/twm/Documents/GitHub/ros2_turtlebot3/ros2_custom_template) by extension 'colcon_meta'
[0.666s] Level 1:colcon.colcon_core.package_identification:_identify(/home/twm/Documents/GitHub/ros2_turtlebot3/ros2_custom_template) by extensions ['ros']
[0.666s] Level 1:colcon.colcon_core.package_identification:_identify(/home/twm/Documents/GitHub/ros2_turtlebot3/ros2_custom_template) by extension 'ros'
[0.666s] Level 1:colcon.colcon_core.package_identification:_identify(/home/twm/Documents/GitHub/ros2_turtlebot3/ros2_custom_template) by extensions ['cmake', 'python']
[0.666s] Level 1:colcon.colcon_core.package_identification:_identify(/home/twm/Documents/GitHub/ros2_turtlebot3/ros2_custom_template) by extension 'cmake'
[0.666s] Level 1:colcon.colcon_core.package_identification:_identify(/home/twm/Documents/GitHub/ros2_turtlebot3/ros2_custom_template) by extension 'python'
[0.666s] Level 1:colcon.colcon_core.package_identification:_identify(/home/twm/Documents/GitHub/ros2_turtlebot3/ros2_custom_template) by extensions ['python_setup_py']
[0.666s] Level 1:colcon.colcon_core.package_identification:_identify(/home/twm/Documents/GitHub/ros2_turtlebot3/ros2_custom_template) by extension 'python_setup_py'
[0.666s] Level 1:colcon.colcon_core.package_identification:_identify(/home/twm/Documents/GitHub/ros2_turtlebot3/ros2_custom_template/my_custom_pkg) by extensions ['ignore', 'ignore_ament_install']
[0.666s] Level 1:colcon.colcon_core.package_identification:_identify(/home/twm/Documents/GitHub/ros2_turtlebot3/ros2_custom_template/my_custom_pkg) by extension 'ignore'
[0.666s] Level 1:colcon.colcon_core.package_identification:_identify(/home/twm/Documents/GitHub/ros2_turtlebot3/ros2_custom_template/my_custom_pkg) by extension 'ignore_ament_install'
[0.666s] Level 1:colcon.colcon_core.package_identification:_identify(/home/twm/Documents/GitHub/ros2_turtlebot3/ros2_custom_template/my_custom_pkg) by extensions ['colcon_pkg']
[0.666s] Level 1:colcon.colcon_core.package_identification:_identify(/home/twm/Documents/GitHub/ros2_turtlebot3/ros2_custom_template/my_custom_pkg) by extension 'colcon_pkg'
[0.666s] Level 1:colcon.colcon_core.package_identification:_identify(/home/twm/Documents/GitHub/ros2_turtlebot3/ros2_custom_template/my_custom_pkg) by extensions ['colcon_meta']
[0.666s] Level 1:colcon.colcon_core.package_identification:_identify(/home/twm/Documents/GitHub/ros2_turtlebot3/ros2_custom_template/my_custom_pkg) by extension 'colcon_meta'
[0.666s] Level 1:colcon.colcon_core.package_identification:_identify(/home/twm/Documents/GitHub/ros2_turtlebot3/ros2_custom_template/my_custom_pkg) by extensions ['ros']
[0.666s] Level 1:colcon.colcon_core.package_identification:_identify(/home/twm/Documents/GitHub/ros2_turtlebot3/ros2_custom_template/my_custom_pkg) by extension 'ros'
[0.668s] DEBUG:colcon.colcon_core.package_identification:Package '/home/twm/Documents/GitHub/ros2_turtlebot3/ros2_custom_template/my_custom_pkg' with type 'ros.ament_cmake' and name 'my_custom_pkg'
[0.669s] Level 1:colcon.colcon_core.package_identification:_identify(/home/twm/Documents/GitHub/ros2_turtlebot3/src) by extensions ['ignore', 'ignore_ament_install']
[0.669s] Level 1:colcon.colcon_core.package_identification:_identify(/home/twm/Documents/GitHub/ros2_turtlebot3/src) by extension 'ignore'
[0.669s] Level 1:colcon.colcon_core.package_identification:_identify(/home/twm/Documents/GitHub/ros2_turtlebot3/src) by extension 'ignore_ament_install'
[0.669s] Level 1:colcon.colcon_core.package_identification:_identify(/home/twm/Documents/GitHub/ros2_turtlebot3/src) by extensions ['colcon_pkg']
[0.669s] Level 1:colcon.colcon_core.package_identification:_identify(/home/twm/Documents/GitHub/ros2_turtlebot3/src) by extension 'colcon_pkg'
[0.669s] Level 1:colcon.colcon_core.package_identification:_identify(/home/twm/Documents/GitHub/ros2_turtlebot3/src) by extensions ['colcon_meta']
[0.669s] Level 1:colcon.colcon_core.package_identification:_identify(/home/twm/Documents/GitHub/ros2_turtlebot3/src) by extension 'colcon_meta'
[0.669s] Level 1:colcon.colcon_core.package_identification:_identify(/home/twm/Documents/GitHub/ros2_turtlebot3/src) by extensions ['ros']
[0.669s] Level 1:colcon.colcon_core.package_identification:_identify(/home/twm/Documents/GitHub/ros2_turtlebot3/src) by extension 'ros'
[0.669s] Level 1:colcon.colcon_core.package_identification:_identify(/home/twm/Documents/GitHub/ros2_turtlebot3/src) by extensions ['cmake', 'python']
[0.669s] Level 1:colcon.colcon_core.package_identification:_identify(/home/twm/Documents/GitHub/ros2_turtlebot3/src) by extension 'cmake'
[0.669s] Level 1:colcon.colcon_core.package_identification:_identify(/home/twm/Documents/GitHub/ros2_turtlebot3/src) by extension 'python'
[0.669s] Level 1:colcon.colcon_core.package_identification:_identify(/home/twm/Documents/GitHub/ros2_turtlebot3/src) by extensions ['python_setup_py']
[0.669s] Level 1:colcon.colcon_core.package_identification:_identify(/home/twm/Documents/GitHub/ros2_turtlebot3/src) by extension 'python_setup_py'
[0.669s] Level 1:colcon.colcon_core.package_identification:_identify(/home/twm/Documents/GitHub/ros2_turtlebot3/src/WheelRobotControl) by extensions ['ignore', 'ignore_ament_install']
[0.669s] Level 1:colcon.colcon_core.package_identification:_identify(/home/twm/Documents/GitHub/ros2_turtlebot3/src/WheelRobotControl) by extension 'ignore'
[0.669s] Level 1:colcon.colcon_core.package_identification:_identify(/home/twm/Documents/GitHub/ros2_turtlebot3/src/WheelRobotControl) by extension 'ignore_ament_install'
[0.669s] Level 1:colcon.colcon_core.package_identification:_identify(/home/twm/Documents/GitHub/ros2_turtlebot3/src/WheelRobotControl) by extensions ['colcon_pkg']
[0.669s] Level 1:colcon.colcon_core.package_identification:_identify(/home/twm/Documents/GitHub/ros2_turtlebot3/src/WheelRobotControl) by extension 'colcon_pkg'
[0.669s] Level 1:colcon.colcon_core.package_identification:_identify(/home/twm/Documents/GitHub/ros2_turtlebot3/src/WheelRobotControl) by extensions ['colcon_meta']
[0.669s] Level 1:colcon.colcon_core.package_identification:_identify(/home/twm/Documents/GitHub/ros2_turtlebot3/src/WheelRobotControl) by extension 'colcon_meta'
[0.669s] Level 1:colcon.colcon_core.package_identification:_identify(/home/twm/Documents/GitHub/ros2_turtlebot3/src/WheelRobotControl) by extensions ['ros']
[0.669s] Level 1:colcon.colcon_core.package_identification:_identify(/home/twm/Documents/GitHub/ros2_turtlebot3/src/WheelRobotControl) by extension 'ros'
[0.669s] Level 1:colcon.colcon_core.package_identification:_identify(/home/twm/Documents/GitHub/ros2_turtlebot3/src/WheelRobotControl) by extensions ['cmake', 'python']
[0.669s] Level 1:colcon.colcon_core.package_identification:_identify(/home/twm/Documents/GitHub/ros2_turtlebot3/src/WheelRobotControl) by extension 'cmake'
[0.669s] Level 1:colcon.colcon_core.package_identification:_identify(/home/twm/Documents/GitHub/ros2_turtlebot3/src/WheelRobotControl) by extension 'python'
[0.669s] Level 1:colcon.colcon_core.package_identification:_identify(/home/twm/Documents/GitHub/ros2_turtlebot3/src/WheelRobotControl) by extensions ['python_setup_py']
[0.669s] Level 1:colcon.colcon_core.package_identification:_identify(/home/twm/Documents/GitHub/ros2_turtlebot3/src/WheelRobotControl) by extension 'python_setup_py'
[0.669s] Level 1:colcon.colcon_core.package_identification:_identify(/home/twm/Documents/GitHub/ros2_turtlebot3/src/WheelRobotControl/wheel_robot_teleop) by extensions ['ignore', 'ignore_ament_install']
[0.669s] Level 1:colcon.colcon_core.package_identification:_identify(/home/twm/Documents/GitHub/ros2_turtlebot3/src/WheelRobotControl/wheel_robot_teleop) by extension 'ignore'
[0.669s] Level 1:colcon.colcon_core.package_identification:_identify(/home/twm/Documents/GitHub/ros2_turtlebot3/src/WheelRobotControl/wheel_robot_teleop) by extension 'ignore_ament_install'
[0.669s] Level 1:colcon.colcon_core.package_identification:_identify(/home/twm/Documents/GitHub/ros2_turtlebot3/src/WheelRobotControl/wheel_robot_teleop) by extensions ['colcon_pkg']
[0.669s] Level 1:colcon.colcon_core.package_identification:_identify(/home/twm/Documents/GitHub/ros2_turtlebot3/src/WheelRobotControl/wheel_robot_teleop) by extension 'colcon_pkg'
[0.669s] Level 1:colcon.colcon_core.package_identification:_identify(/home/twm/Documents/GitHub/ros2_turtlebot3/src/WheelRobotControl/wheel_robot_teleop) by extensions ['colcon_meta']
[0.669s] Level 1:colcon.colcon_core.package_identification:_identify(/home/twm/Documents/GitHub/ros2_turtlebot3/src/WheelRobotControl/wheel_robot_teleop) by extension 'colcon_meta'
[0.669s] Level 1:colcon.colcon_core.package_identification:_identify(/home/twm/Documents/GitHub/ros2_turtlebot3/src/WheelRobotControl/wheel_robot_teleop) by extensions ['ros']
[0.670s] Level 1:colcon.colcon_core.package_identification:_identify(/home/twm/Documents/GitHub/ros2_turtlebot3/src/WheelRobotControl/wheel_robot_teleop) by extension 'ros'
[0.670s] DEBUG:colcon.colcon_core.package_identification:Package '/home/twm/Documents/GitHub/ros2_turtlebot3/src/WheelRobotControl/wheel_robot_teleop' with type 'ros.ament_cmake' and name 'wheel_robot_teleop'
[0.670s] Level 1:colcon.colcon_core.package_identification:_identify(/home/twm/Documents/GitHub/ros2_turtlebot3/src/braccio_arm) by extensions ['ignore', 'ignore_ament_install']
[0.670s] Level 1:colcon.colcon_core.package_identification:_identify(/home/twm/Documents/GitHub/ros2_turtlebot3/src/braccio_arm) by extension 'ignore'
[0.670s] Level 1:colcon.colcon_core.package_identification:_identify(/home/twm/Documents/GitHub/ros2_turtlebot3/src/braccio_arm) by extension 'ignore_ament_install'
[0.670s] Level 1:colcon.colcon_core.package_identification:_identify(/home/twm/Documents/GitHub/ros2_turtlebot3/src/braccio_arm) by extensions ['colcon_pkg']
[0.670s] Level 1:colcon.colcon_core.package_identification:_identify(/home/twm/Documents/GitHub/ros2_turtlebot3/src/braccio_arm) by extension 'colcon_pkg'
[0.670s] Level 1:colcon.colcon_core.package_identification:_identify(/home/twm/Documents/GitHub/ros2_turtlebot3/src/braccio_arm) by extensions ['colcon_meta']
[0.670s] Level 1:colcon.colcon_core.package_identification:_identify(/home/twm/Documents/GitHub/ros2_turtlebot3/src/braccio_arm) by extension 'colcon_meta'
[0.670s] Level 1:colcon.colcon_core.package_identification:_identify(/home/twm/Documents/GitHub/ros2_turtlebot3/src/braccio_arm) by extensions ['ros']
[0.670s] Level 1:colcon.colcon_core.package_identification:_identify(/home/twm/Documents/GitHub/ros2_turtlebot3/src/braccio_arm) by extension 'ros'
[0.670s] DEBUG:colcon.colcon_core.package_identification:Package '/home/twm/Documents/GitHub/ros2_turtlebot3/src/braccio_arm' with type 'ros.ament_cmake' and name 'braccio_arm'
[0.670s] Level 1:colcon.colcon_core.package_identification:_identify(/home/twm/Documents/GitHub/ros2_turtlebot3/src/braccio_arm_moveit) by extensions ['ignore', 'ignore_ament_install']
[0.670s] Level 1:colcon.colcon_core.package_identification:_identify(/home/twm/Documents/GitHub/ros2_turtlebot3/src/braccio_arm_moveit) by extension 'ignore'
[0.670s] Level 1:colcon.colcon_core.package_identification:_identify(/home/twm/Documents/GitHub/ros2_turtlebot3/src/braccio_arm_moveit) by extension 'ignore_ament_install'
[0.670s] Level 1:colcon.colcon_core.package_identification:_identify(/home/twm/Documents/GitHub/ros2_turtlebot3/src/braccio_arm_moveit) by extensions ['colcon_pkg']
[0.671s] Level 1:colcon.colcon_core.package_identification:_identify(/home/twm/Documents/GitHub/ros2_turtlebot3/src/braccio_arm_moveit) by extension 'colcon_pkg'
[0.671s] Level 1:colcon.colcon_core.package_identification:_identify(/home/twm/Documents/GitHub/ros2_turtlebot3/src/braccio_arm_moveit) by extensions ['colcon_meta']
[0.671s] Level 1:colcon.colcon_core.package_identification:_identify(/home/twm/Documents/GitHub/ros2_turtlebot3/src/braccio_arm_moveit) by extension 'colcon_meta'
[0.671s] Level 1:colcon.colcon_core.package_identification:_identify(/home/twm/Documents/GitHub/ros2_turtlebot3/src/braccio_arm_moveit) by extensions ['ros']
[0.671s] Level 1:colcon.colcon_core.package_identification:_identify(/home/twm/Documents/GitHub/ros2_turtlebot3/src/braccio_arm_moveit) by extension 'ros'
[0.671s] DEBUG:colcon.colcon_core.package_identification:Package '/home/twm/Documents/GitHub/ros2_turtlebot3/src/braccio_arm_moveit' with type 'ros.ament_cmake' and name 'braccio_arm_moveit'
[0.671s] Level 1:colcon.colcon_core.package_identification:_identify(/home/twm/Documents/GitHub/ros2_turtlebot3/src/my_robot_bringup) by extensions ['ignore', 'ignore_ament_install']
[0.671s] Level 1:colcon.colcon_core.package_identification:_identify(/home/twm/Documents/GitHub/ros2_turtlebot3/src/my_robot_bringup) by extension 'ignore'
[0.671s] Level 1:colcon.colcon_core.package_identification:_identify(/home/twm/Documents/GitHub/ros2_turtlebot3/src/my_robot_bringup) by extension 'ignore_ament_install'
[0.671s] Level 1:colcon.colcon_core.package_identification:_identify(/home/twm/Documents/GitHub/ros2_turtlebot3/src/my_robot_bringup) by extensions ['colcon_pkg']
[0.671s] Level 1:colcon.colcon_core.package_identification:_identify(/home/twm/Documents/GitHub/ros2_turtlebot3/src/my_robot_bringup) by extension 'colcon_pkg'
[0.671s] Level 1:colcon.colcon_core.package_identification:_identify(/home/twm/Documents/GitHub/ros2_turtlebot3/src/my_robot_bringup) by extensions ['colcon_meta']
[0.671s] Level 1:colcon.colcon_core.package_identification:_identify(/home/twm/Documents/GitHub/ros2_turtlebot3/src/my_robot_bringup) by extension 'colcon_meta'
[0.671s] Level 1:colcon.colcon_core.package_identification:_identify(/home/twm/Documents/GitHub/ros2_turtlebot3/src/my_robot_bringup) by extensions ['ros']
[0.671s] Level 1:colcon.colcon_core.package_identification:_identify(/home/twm/Documents/GitHub/ros2_turtlebot3/src/my_robot_bringup) by extension 'ros'
[0.672s] DEBUG:colcon.colcon_core.package_identification:Package '/home/twm/Documents/GitHub/ros2_turtlebot3/src/my_robot_bringup' with type 'ros.ament_cmake' and name 'my_robot_bringup'
[0.672s] Level 1:colcon.colcon_core.package_identification:_identify(/home/twm/Documents/GitHub/ros2_turtlebot3/src/my_robot_description) by extensions ['ignore', 'ignore_ament_install']
[0.672s] Level 1:colcon.colcon_core.package_identification:_identify(/home/twm/Documents/GitHub/ros2_turtlebot3/src/my_robot_description) by extension 'ignore'
[0.672s] Level 1:colcon.colcon_core.package_identification:_identify(/home/twm/Documents/GitHub/ros2_turtlebot3/src/my_robot_description) by extension 'ignore_ament_install'
[0.672s] Level 1:colcon.colcon_core.package_identification:_identify(/home/twm/Documents/GitHub/ros2_turtlebot3/src/my_robot_description) by extensions ['colcon_pkg']
[0.672s] Level 1:colcon.colcon_core.package_identification:_identify(/home/twm/Documents/GitHub/ros2_turtlebot3/src/my_robot_description) by extension 'colcon_pkg'
[0.672s] Level 1:colcon.colcon_core.package_identification:_identify(/home/twm/Documents/GitHub/ros2_turtlebot3/src/my_robot_description) by extensions ['colcon_meta']
[0.672s] Level 1:colcon.colcon_core.package_identification:_identify(/home/twm/Documents/GitHub/ros2_turtlebot3/src/my_robot_description) by extension 'colcon_meta'
[0.672s] Level 1:colcon.colcon_core.package_identification:_identify(/home/twm/Documents/GitHub/ros2_turtlebot3/src/my_robot_description) by extensions ['ros']
[0.672s] Level 1:colcon.colcon_core.package_identification:_identify(/home/twm/Documents/GitHub/ros2_turtlebot3/src/my_robot_description) by extension 'ros'
[0.672s] DEBUG:colcon.colcon_core.package_identification:Package '/home/twm/Documents/GitHub/ros2_turtlebot3/src/my_robot_description' with type 'ros.ament_cmake' and name 'my_robot_description'
[0.672s] Level 1:colcon.colcon_core.package_identification:_identify(/home/twm/Documents/GitHub/ros2_turtlebot3/src/robot_control) by extensions ['ignore', 'ignore_ament_install']
[0.672s] Level 1:colcon.colcon_core.package_identification:_identify(/home/twm/Documents/GitHub/ros2_turtlebot3/src/robot_control) by extension 'ignore'
[0.672s] Level 1:colcon.colcon_core.package_identification:_identify(/home/twm/Documents/GitHub/ros2_turtlebot3/src/robot_control) by extension 'ignore_ament_install'
[0.672s] Level 1:colcon.colcon_core.package_identification:_identify(/home/twm/Documents/GitHub/ros2_turtlebot3/src/robot_control) by extensions ['colcon_pkg']
[0.672s] Level 1:colcon.colcon_core.package_identification:_identify(/home/twm/Documents/GitHub/ros2_turtlebot3/src/robot_control) by extension 'colcon_pkg'
[0.672s] Level 1:colcon.colcon_core.package_identification:_identify(/home/twm/Documents/GitHub/ros2_turtlebot3/src/robot_control) by extensions ['colcon_meta']
[0.673s] Level 1:colcon.colcon_core.package_identification:_identify(/home/twm/Documents/GitHub/ros2_turtlebot3/src/robot_control) by extension 'colcon_meta'
[0.673s] Level 1:colcon.colcon_core.package_identification:_identify(/home/twm/Documents/GitHub/ros2_turtlebot3/src/robot_control) by extensions ['ros']
[0.673s] Level 1:colcon.colcon_core.package_identification:_identify(/home/twm/Documents/GitHub/ros2_turtlebot3/src/robot_control) by extension 'ros'
[0.673s] Level 1:colcon.colcon_core.package_identification:_identify(/home/twm/Documents/GitHub/ros2_turtlebot3/src/robot_control) by extensions ['cmake', 'python']
[0.673s] Level 1:colcon.colcon_core.package_identification:_identify(/home/twm/Documents/GitHub/ros2_turtlebot3/src/robot_control) by extension 'cmake'
[0.673s] Level 1:colcon.colcon_core.package_identification:_identify(/home/twm/Documents/GitHub/ros2_turtlebot3/src/robot_control) by extension 'python'
[0.673s] Level 1:colcon.colcon_core.package_identification:_identify(/home/twm/Documents/GitHub/ros2_turtlebot3/src/robot_control) by extensions ['python_setup_py']
[0.673s] Level 1:colcon.colcon_core.package_identification:_identify(/home/twm/Documents/GitHub/ros2_turtlebot3/src/robot_control) by extension 'python_setup_py'
[0.673s] Level 1:colcon.colcon_core.package_identification:_identify(/home/twm/Documents/GitHub/ros2_turtlebot3/src/robot_control/src) by extensions ['ignore', 'ignore_ament_install']
[0.673s] Level 1:colcon.colcon_core.package_identification:_identify(/home/twm/Documents/GitHub/ros2_turtlebot3/src/robot_control/src) by extension 'ignore'
[0.673s] Level 1:colcon.colcon_core.package_identification:_identify(/home/twm/Documents/GitHub/ros2_turtlebot3/src/robot_control/src) by extension 'ignore_ament_install'
[0.673s] Level 1:colcon.colcon_core.package_identification:_identify(/home/twm/Documents/GitHub/ros2_turtlebot3/src/robot_control/src) by extensions ['colcon_pkg']
[0.673s] Level 1:colcon.colcon_core.package_identification:_identify(/home/twm/Documents/GitHub/ros2_turtlebot3/src/robot_control/src) by extension 'colcon_pkg'
[0.673s] Level 1:colcon.colcon_core.package_identification:_identify(/home/twm/Documents/GitHub/ros2_turtlebot3/src/robot_control/src) by extensions ['colcon_meta']
[0.673s] Level 1:colcon.colcon_core.package_identification:_identify(/home/twm/Documents/GitHub/ros2_turtlebot3/src/robot_control/src) by extension 'colcon_meta'
[0.673s] Level 1:colcon.colcon_core.package_identification:_identify(/home/twm/Documents/GitHub/ros2_turtlebot3/src/robot_control/src) by extensions ['ros']
[0.673s] Level 1:colcon.colcon_core.package_identification:_identify(/home/twm/Documents/GitHub/ros2_turtlebot3/src/robot_control/src) by extension 'ros'
[0.673s] Level 1:colcon.colcon_core.package_identification:_identify(/home/twm/Documents/GitHub/ros2_turtlebot3/src/robot_control/src) by extensions ['cmake', 'python']
[0.673s] Level 1:colcon.colcon_core.package_identification:_identify(/home/twm/Documents/GitHub/ros2_turtlebot3/src/robot_control/src) by extension 'cmake'
[0.673s] Level 1:colcon.colcon_core.package_identification:_identify(/home/twm/Documents/GitHub/ros2_turtlebot3/src/robot_control/src) by extension 'python'
[0.673s] Level 1:colcon.colcon_core.package_identification:_identify(/home/twm/Documents/GitHub/ros2_turtlebot3/src/robot_control/src) by extensions ['python_setup_py']
[0.673s] Level 1:colcon.colcon_core.package_identification:_identify(/home/twm/Documents/GitHub/ros2_turtlebot3/src/robot_control/src) by extension 'python_setup_py'
[0.673s] Level 1:colcon.colcon_core.package_identification:_identify(/home/twm/Documents/GitHub/ros2_turtlebot3/src/robot_control/src/bumpgo) by extensions ['ignore', 'ignore_ament_install']
[0.673s] Level 1:colcon.colcon_core.package_identification:_identify(/home/twm/Documents/GitHub/ros2_turtlebot3/src/robot_control/src/bumpgo) by extension 'ignore'
[0.673s] Level 1:colcon.colcon_core.package_identification:_identify(/home/twm/Documents/GitHub/ros2_turtlebot3/src/robot_control/src/bumpgo) by extension 'ignore_ament_install'
[0.673s] Level 1:colcon.colcon_core.package_identification:_identify(/home/twm/Documents/GitHub/ros2_turtlebot3/src/robot_control/src/bumpgo) by extensions ['colcon_pkg']
[0.673s] Level 1:colcon.colcon_core.package_identification:_identify(/home/twm/Documents/GitHub/ros2_turtlebot3/src/robot_control/src/bumpgo) by extension 'colcon_pkg'
[0.673s] Level 1:colcon.colcon_core.package_identification:_identify(/home/twm/Documents/GitHub/ros2_turtlebot3/src/robot_control/src/bumpgo) by extensions ['colcon_meta']
[0.673s] Level 1:colcon.colcon_core.package_identification:_identify(/home/twm/Documents/GitHub/ros2_turtlebot3/src/robot_control/src/bumpgo) by extension 'colcon_meta'
[0.673s] Level 1:colcon.colcon_core.package_identification:_identify(/home/twm/Documents/GitHub/ros2_turtlebot3/src/robot_control/src/bumpgo) by extensions ['ros']
[0.673s] Level 1:colcon.colcon_core.package_identification:_identify(/home/twm/Documents/GitHub/ros2_turtlebot3/src/robot_control/src/bumpgo) by extension 'ros'
[0.674s] DEBUG:colcon.colcon_core.package_identification:Package '/home/twm/Documents/GitHub/ros2_turtlebot3/src/robot_control/src/bumpgo' with type 'ros.ament_cmake' and name 'bumpgo'
[0.674s] Level 1:colcon.colcon_core.package_identification:_identify(/home/twm/Documents/GitHub/ros2_turtlebot3/src/robot_control/src/keyboard_ctrl) by extensions ['ignore', 'ignore_ament_install']
[0.674s] Level 1:colcon.colcon_core.package_identification:_identify(/home/twm/Documents/GitHub/ros2_turtlebot3/src/robot_control/src/keyboard_ctrl) by extension 'ignore'
[0.674s] Level 1:colcon.colcon_core.package_identification:_identify(/home/twm/Documents/GitHub/ros2_turtlebot3/src/robot_control/src/keyboard_ctrl) by extension 'ignore_ament_install'
[0.674s] Level 1:colcon.colcon_core.package_identification:_identify(/home/twm/Documents/GitHub/ros2_turtlebot3/src/robot_control/src/keyboard_ctrl) by extensions ['colcon_pkg']
[0.674s] Level 1:colcon.colcon_core.package_identification:_identify(/home/twm/Documents/GitHub/ros2_turtlebot3/src/robot_control/src/keyboard_ctrl) by extension 'colcon_pkg'
[0.674s] Level 1:colcon.colcon_core.package_identification:_identify(/home/twm/Documents/GitHub/ros2_turtlebot3/src/robot_control/src/keyboard_ctrl) by extensions ['colcon_meta']
[0.674s] Level 1:colcon.colcon_core.package_identification:_identify(/home/twm/Documents/GitHub/ros2_turtlebot3/src/robot_control/src/keyboard_ctrl) by extension 'colcon_meta'
[0.674s] Level 1:colcon.colcon_core.package_identification:_identify(/home/twm/Documents/GitHub/ros2_turtlebot3/src/robot_control/src/keyboard_ctrl) by extensions ['ros']
[0.674s] Level 1:colcon.colcon_core.package_identification:_identify(/home/twm/Documents/GitHub/ros2_turtlebot3/src/robot_control/src/keyboard_ctrl) by extension 'ros'
[0.674s] DEBUG:colcon.colcon_core.package_identification:Package '/home/twm/Documents/GitHub/ros2_turtlebot3/src/robot_control/src/keyboard_ctrl' with type 'ros.ament_cmake' and name 'keyboard_ctrl'
[0.674s] Level 1:colcon.colcon_core.package_identification:_identify(/home/twm/Documents/GitHub/ros2_turtlebot3/src/robot_control/src/logger) by extensions ['ignore', 'ignore_ament_install']
[0.674s] Level 1:colcon.colcon_core.package_identification:_identify(/home/twm/Documents/GitHub/ros2_turtlebot3/src/robot_control/src/logger) by extension 'ignore'
[0.674s] Level 1:colcon.colcon_core.package_identification:_identify(/home/twm/Documents/GitHub/ros2_turtlebot3/src/robot_control/src/logger) by extension 'ignore_ament_install'
[0.674s] Level 1:colcon.colcon_core.package_identification:_identify(/home/twm/Documents/GitHub/ros2_turtlebot3/src/robot_control/src/logger) by extensions ['colcon_pkg']
[0.674s] Level 1:colcon.colcon_core.package_identification:_identify(/home/twm/Documents/GitHub/ros2_turtlebot3/src/robot_control/src/logger) by extension 'colcon_pkg'
[0.674s] Level 1:colcon.colcon_core.package_identification:_identify(/home/twm/Documents/GitHub/ros2_turtlebot3/src/robot_control/src/logger) by extensions ['colcon_meta']
[0.674s] Level 1:colcon.colcon_core.package_identification:_identify(/home/twm/Documents/GitHub/ros2_turtlebot3/src/robot_control/src/logger) by extension 'colcon_meta'
[0.674s] Level 1:colcon.colcon_core.package_identification:_identify(/home/twm/Documents/GitHub/ros2_turtlebot3/src/robot_control/src/logger) by extensions ['ros']
[0.674s] Level 1:colcon.colcon_core.package_identification:_identify(/home/twm/Documents/GitHub/ros2_turtlebot3/src/robot_control/src/logger) by extension 'ros'
[0.674s] DEBUG:colcon.colcon_core.package_identification:Package '/home/twm/Documents/GitHub/ros2_turtlebot3/src/robot_control/src/logger' with type 'ros.ament_cmake' and name 'logger'
[0.675s] Level 1:colcon.colcon_core.package_discovery:discover_packages(recursive) using defaults
